<?xml version="1.0" encoding="UTF-8"?>
<!-- Generated by org.testng.reporters.JUnitReportReporter -->
<testsuite hostname="DESKTOP-U92U93D" failures="0" tests="1" name="demo1.Read" time="7.802" errors="0" timestamp="2024-02-28T20:23:57 IST" skipped="0">
  <testcase classname="demo1.Read" name="fblogin" time="7.802"/>
</testsuite> <!-- demo1.Read -->
