<?xml version="1.0" encoding="UTF-8"?>
<!-- Generated by org.testng.reporters.JUnitReportReporter -->
<testsuite hostname="DESKTOP-U92U93D" failures="0" tests="1" name="test.ReadXL" time="0.835" errors="0" timestamp="2024-02-28T20:13:19 IST" skipped="0">
  <testcase classname="test.ReadXL" name="f" time="0.835"/>
</testsuite> <!-- test.ReadXL -->
