<?xml version="1.0" encoding="UTF-8"?>
<!-- Generated by org.testng.reporters.JUnitReportReporter -->
<testsuite hostname="DESKTOP-U92U93D" failures="0" tests="1" name="demo1.Write" time="11.872" errors="0" timestamp="2024-02-27T14:06:22 IST" skipped="0">
  <testcase classname="demo1.Write" name="fblogin" time="11.872"/>
</testsuite> <!-- demo1.Write -->
