<?xml version="1.0" encoding="UTF-8"?>
<!-- Generated by org.testng.reporters.JUnitReportReporter -->
<testsuite hostname="DESKTOP-U92U93D" failures="0" tests="1" name="demo1.Read" time="10.731" errors="0" timestamp="2024-02-29T09:39:18 IST" skipped="0">
  <testcase classname="demo1.Read" name="fblogin" time="10.731"/>
</testsuite> <!-- demo1.Read -->
